<?xml version="1.0" encoding="UTF-8"?>
<testng-results skipped="0" failed="1" ignored="0" total="1" passed="0">
  <reporter-output>
  </reporter-output>
  <suite name="Default suite" duration-ms="19082" started-at="2020-04-12T11:00:59Z" finished-at="2020-04-12T11:01:18Z">
    <groups>
    </groups>
    <test name="Default test" duration-ms="19082" started-at="2020-04-12T11:00:59Z" finished-at="2020-04-12T11:01:18Z">
      <class name="testcase.contact_us_testpage">
        <test-method status="PASS" signature="setup()[pri:0, instance:testcase.contact_us_testpage@436e852b]" name="setup" is-config="true" duration-ms="9614" started-at="2020-04-12T11:00:59Z" finished-at="2020-04-12T11:01:08Z">
          <reporter-output>
          </reporter-output>
        </test-method> <!-- setup -->
        <test-method status="FAIL" signature="contact_us1()[pri:0, instance:testcase.contact_us_testpage@436e852b]" name="contact_us1" duration-ms="8628" started-at="2020-04-12T11:01:08Z" finished-at="2020-04-12T11:01:17Z">
          <exception class="org.openqa.selenium.ElementClickInterceptedException">
            <message>
              <![CDATA[element click intercepted: Element <button class="white_btn" type="submit" id="bt_contactUS">...</button> is not clickable at point (68, 594). Other element would receive the click: <iframe ng-non-bindable="" frameborder="0" hspace="0" marginheight="0" marginwidth="0" scrolling="no" style="position: static; top: 0px; width: 165px; margin: 0px; border-style: none; display: block; left: 0px; visibility: visible; height: 54px;" tabindex="0" vspace="0" width="100%" id="I0_1586689272657" name="I0_1586689272657" src="https://www.google.com/shopping/customerreviews/badge?usegapi=1&amp;merchant_id=6382159&amp;position=BOTTOM_LEFT&amp;origin=https%3A%2F%2Fwww.diamondsfactory.co.uk&amp;gsrc=3p&amp;jsh=m%3B%2F_%2Fscs%2Fapps-static%2F_%2Fjs%2Fk%3Doz.gapi.en_US.ebk8EhJxLu4.O%2Fam%3DwQE%2Fd%3D1%2Fct%3Dzgms%2Frs%3DAGLTcCP6GuLd1aTsaaFO6Zp_Rjnyu1Wv5g%2Fm%3D__features__#_methods=onPlusOne%2C_ready%2C_close%2C_open%2C_resizeMe%2C_renderstart%2Concircled%2Cdrefresh%2Cerefresh&amp;id=I0_1586689272657&amp;_gfid=I0_1586689272657&amp;parent=https%3A%2F%2Fwww.diamondsfactory.co.uk&amp;pfname=&amp;rpctoken=42487664" data-gapiattached="true"></iframe>
  (Session info: chrome=80.0.3987.163)
Build info: version: '3.13.0', revision: '2f0d292', time: '2018-06-25T15:32:19.891Z'
System info: host: 'DESKTOP-C3G78CP', ip: '192.168.56.1', os.name: 'Windows 10', os.arch: 'amd64', os.version: '10.0', java.version: '1.8.0_241'
Driver info: org.openqa.selenium.chrome.ChromeDriver
Capabilities {acceptInsecureCerts: false, browserName: chrome, browserVersion: 80.0.3987.163, chrome: {chromedriverVersion: 80.0.3987.106 (f68069574609..., userDataDir: C:\Users\Sagar\AppData\Loca...}, goog:chromeOptions: {debuggerAddress: localhost:52990}, javascriptEnabled: true, networkConnectionEnabled: false, pageLoadStrategy: normal, platform: WINDOWS, platformName: WINDOWS, proxy: Proxy(), setWindowRect: true, strictFileInteractability: false, timeouts: {implicit: 0, pageLoad: 300000, script: 30000}, unhandledPromptBehavior: dismiss and notify}
Session ID: 20719beba5f3ab816db5d518d359b3d0]]>
            </message>
            <full-stacktrace>
              <![CDATA[org.openqa.selenium.ElementClickInterceptedException: element click intercepted: Element <button class="white_btn" type="submit" id="bt_contactUS">...</button> is not clickable at point (68, 594). Other element would receive the click: <iframe ng-non-bindable="" frameborder="0" hspace="0" marginheight="0" marginwidth="0" scrolling="no" style="position: static; top: 0px; width: 165px; margin: 0px; border-style: none; display: block; left: 0px; visibility: visible; height: 54px;" tabindex="0" vspace="0" width="100%" id="I0_1586689272657" name="I0_1586689272657" src="https://www.google.com/shopping/customerreviews/badge?usegapi=1&amp;merchant_id=6382159&amp;position=BOTTOM_LEFT&amp;origin=https%3A%2F%2Fwww.diamondsfactory.co.uk&amp;gsrc=3p&amp;jsh=m%3B%2F_%2Fscs%2Fapps-static%2F_%2Fjs%2Fk%3Doz.gapi.en_US.ebk8EhJxLu4.O%2Fam%3DwQE%2Fd%3D1%2Fct%3Dzgms%2Frs%3DAGLTcCP6GuLd1aTsaaFO6Zp_Rjnyu1Wv5g%2Fm%3D__features__#_methods=onPlusOne%2C_ready%2C_close%2C_open%2C_resizeMe%2C_renderstart%2Concircled%2Cdrefresh%2Cerefresh&amp;id=I0_1586689272657&amp;_gfid=I0_1586689272657&amp;parent=https%3A%2F%2Fwww.diamondsfactory.co.uk&amp;pfname=&amp;rpctoken=42487664" data-gapiattached="true"></iframe>
  (Session info: chrome=80.0.3987.163)
Build info: version: '3.13.0', revision: '2f0d292', time: '2018-06-25T15:32:19.891Z'
System info: host: 'DESKTOP-C3G78CP', ip: '192.168.56.1', os.name: 'Windows 10', os.arch: 'amd64', os.version: '10.0', java.version: '1.8.0_241'
Driver info: org.openqa.selenium.chrome.ChromeDriver
Capabilities {acceptInsecureCerts: false, browserName: chrome, browserVersion: 80.0.3987.163, chrome: {chromedriverVersion: 80.0.3987.106 (f68069574609..., userDataDir: C:\Users\Sagar\AppData\Loca...}, goog:chromeOptions: {debuggerAddress: localhost:52990}, javascriptEnabled: true, networkConnectionEnabled: false, pageLoadStrategy: normal, platform: WINDOWS, platformName: WINDOWS, proxy: Proxy(), setWindowRect: true, strictFileInteractability: false, timeouts: {implicit: 0, pageLoad: 300000, script: 30000}, unhandledPromptBehavior: dismiss and notify}
Session ID: 20719beba5f3ab816db5d518d359b3d0
at sun.reflect.NativeConstructorAccessorImpl.newInstance0(Native Method)
at sun.reflect.NativeConstructorAccessorImpl.newInstance(Unknown Source)
at sun.reflect.DelegatingConstructorAccessorImpl.newInstance(Unknown Source)
at java.lang.reflect.Constructor.newInstance(Unknown Source)
at org.openqa.selenium.remote.http.W3CHttpResponseCodec.createException(W3CHttpResponseCodec.java:187)
at org.openqa.selenium.remote.http.W3CHttpResponseCodec.decode(W3CHttpResponseCodec.java:122)
at org.openqa.selenium.remote.http.W3CHttpResponseCodec.decode(W3CHttpResponseCodec.java:49)
at org.openqa.selenium.remote.HttpCommandExecutor.execute(HttpCommandExecutor.java:158)
at org.openqa.selenium.remote.service.DriverCommandExecutor.execute(DriverCommandExecutor.java:83)
at org.openqa.selenium.remote.RemoteWebDriver.execute(RemoteWebDriver.java:548)
at org.openqa.selenium.remote.RemoteWebElement.execute(RemoteWebElement.java:276)
at org.openqa.selenium.remote.RemoteWebElement.click(RemoteWebElement.java:83)
at sun.reflect.NativeMethodAccessorImpl.invoke0(Native Method)
at sun.reflect.NativeMethodAccessorImpl.invoke(Unknown Source)
at sun.reflect.DelegatingMethodAccessorImpl.invoke(Unknown Source)
at java.lang.reflect.Method.invoke(Unknown Source)
at org.openqa.selenium.support.pagefactory.internal.LocatingElementHandler.invoke(LocatingElementHandler.java:51)
at com.sun.proxy.$Proxy10.click(Unknown Source)
at com.qa.df.informationpages.Contact_us_info.contact_us(Contact_us_info.java:52)
at testcase.contact_us_testpage.contact_us1(contact_us_testpage.java:42)
at sun.reflect.NativeMethodAccessorImpl.invoke0(Native Method)
at sun.reflect.NativeMethodAccessorImpl.invoke(Unknown Source)
at sun.reflect.DelegatingMethodAccessorImpl.invoke(Unknown Source)
at java.lang.reflect.Method.invoke(Unknown Source)
at org.testng.internal.MethodInvocationHelper.invokeMethod(MethodInvocationHelper.java:124)
at org.testng.internal.Invoker.invokeMethod(Invoker.java:583)
at org.testng.internal.Invoker.invokeTestMethod(Invoker.java:719)
at org.testng.internal.Invoker.invokeTestMethods(Invoker.java:989)
at org.testng.internal.TestMethodWorker.invokeTestMethods(TestMethodWorker.java:125)
at org.testng.internal.TestMethodWorker.run(TestMethodWorker.java:109)
at org.testng.TestRunner.privateRun(TestRunner.java:648)
at org.testng.TestRunner.run(TestRunner.java:505)
at org.testng.SuiteRunner.runTest(SuiteRunner.java:455)
at org.testng.SuiteRunner.runSequentially(SuiteRunner.java:450)
at org.testng.SuiteRunner.privateRun(SuiteRunner.java:415)
at org.testng.SuiteRunner.run(SuiteRunner.java:364)
at org.testng.SuiteRunnerWorker.runSuite(SuiteRunnerWorker.java:52)
at org.testng.SuiteRunnerWorker.run(SuiteRunnerWorker.java:84)
at org.testng.TestNG.runSuitesSequentially(TestNG.java:1208)
at org.testng.TestNG.runSuitesLocally(TestNG.java:1137)
at org.testng.TestNG.runSuites(TestNG.java:1049)
at org.testng.TestNG.run(TestNG.java:1017)
at org.testng.remote.AbstractRemoteTestNG.run(AbstractRemoteTestNG.java:114)
at org.testng.remote.RemoteTestNG.initAndRun(RemoteTestNG.java:251)
at org.testng.remote.RemoteTestNG.main(RemoteTestNG.java:77)
]]>
            </full-stacktrace>
          </exception> <!-- org.openqa.selenium.ElementClickInterceptedException -->
          <reporter-output>
          </reporter-output>
        </test-method> <!-- contact_us1 -->
        <test-method status="PASS" signature="tearDown()[pri:0, instance:testcase.contact_us_testpage@436e852b]" name="tearDown" is-config="true" duration-ms="797" started-at="2020-04-12T11:01:17Z" finished-at="2020-04-12T11:01:18Z">
          <reporter-output>
          </reporter-output>
        </test-method> <!-- tearDown -->
      </class> <!-- testcase.contact_us_testpage -->
    </test> <!-- Default test -->
  </suite> <!-- Default suite -->
</testng-results>
